<?xml version="1.0" encoding="UTF-8"?>
<!-- Generated by org.testng.reporters.JUnitXMLReporter -->
<testsuite ignored="0" hostname="LAPTOP-9QL5EV9U" failures="0" tests="4" name="Test" time="36.545" errors="0" timestamp="19 Apr 2019 12:51:53 GMT">
  <testcase classname="factory.oneWay" name="SingleTrip" time="7.673"/>
  <testcase classname="factory.twoWay" name="twoWayTrip" time="7.785"/>
  <testcase classname="factory.twoWay" name="twoWayRate" time="22.727"/>
  <testcase classname="factory.oneWay" name="findRate" time="27.633"/>
</testsuite> <!-- Test -->
