<?xml version="1.0" encoding="UTF-8"?>
<testng-results ignored="0" total="4" passed="4" failed="0" skipped="0">
  <reporter-output>
  </reporter-output>
  <suite started-at="2019-04-19T12:51:16Z" name="Suite" finished-at="2019-04-19T12:51:52Z" duration-ms="36545">
    <groups>
    </groups>
    <test started-at="2019-04-19T12:51:16Z" name="Test" finished-at="2019-04-19T12:51:52Z" duration-ms="36545">
      <class name="factory.oneWay">
        <test-method signature="SingleTrip(java.lang.String, java.lang.String, java.lang.String, java.lang.String, java.lang.String)[pri:0, instance:factory.oneWay@4602c2a9]" started-at="2019-04-19T12:51:17Z" name="SingleTrip" description="TC_01" data-provider="dp" finished-at="2019-04-19T12:51:24Z" duration-ms="7673" status="PASS">
          <params>
            <param index="0">
              <value>
                <![CDATA[TC_01]]>
              </value>
            </param>
            <param index="1">
              <value>
                <![CDATA[Chennai]]>
              </value>
            </param>
            <param index="2">
              <value>
                <![CDATA[Madurai]]>
              </value>
            </param>
            <param index="3">
              <value>
                <![CDATA[May]]>
              </value>
            </param>
            <param index="4">
              <value>
                <![CDATA[11]]>
              </value>
            </param>
          </params>
          <reporter-output>
          </reporter-output>
        </test-method> <!-- SingleTrip -->
        <test-method signature="findRate()[pri:1, instance:factory.oneWay@4602c2a9]" started-at="2019-04-19T12:51:25Z" name="findRate" description="TC_02" finished-at="2019-04-19T12:51:52Z" duration-ms="27633" status="PASS">
          <reporter-output>
          </reporter-output>
        </test-method> <!-- findRate -->
      </class> <!-- factory.oneWay -->
      <class name="factory.twoWay">
        <test-method signature="twoWayTrip(java.lang.String, java.lang.String, java.lang.String, java.lang.String, java.lang.String)[pri:0, instance:factory.twoWay@60fa3495]" started-at="2019-04-19T12:51:17Z" name="twoWayTrip" description="TC_03" data-provider="dp1" finished-at="2019-04-19T12:51:25Z" duration-ms="7785" status="PASS">
          <params>
            <param index="0">
              <value>
                <![CDATA[TC_03]]>
              </value>
            </param>
            <param index="1">
              <value>
                <![CDATA[Chennai]]>
              </value>
            </param>
            <param index="2">
              <value>
                <![CDATA[Madurai]]>
              </value>
            </param>
            <param index="3">
              <value>
                <![CDATA[May]]>
              </value>
            </param>
            <param index="4">
              <value>
                <![CDATA[11]]>
              </value>
            </param>
          </params>
          <reporter-output>
          </reporter-output>
        </test-method> <!-- twoWayTrip -->
        <test-method signature="twoWayRate()[pri:1, instance:factory.twoWay@60fa3495]" started-at="2019-04-19T12:51:25Z" name="twoWayRate" description="TC_04" finished-at="2019-04-19T12:51:47Z" duration-ms="22727" status="PASS">
          <reporter-output>
          </reporter-output>
        </test-method> <!-- twoWayRate -->
      </class> <!-- factory.twoWay -->
    </test> <!-- Test -->
  </suite> <!-- Suite -->
</testng-results>
